0 verbose cli /usr/local/bin/node /usr/local/bin/npm
1 info using npm@11.6.2
2 info using node@v24.11.1
3 silly config load:file:/usr/local/lib/node_modules/npm/npmrc
4 silly config load:file:/home/user/app/.npmrc
5 silly config load:file:/usr/local/etc/npmrc
6 verbose title npm run build
7 verbose argv "run" "build"
8 verbose logfile logs-max:10 dir:/home/user/app/.npm/_logs/2026-01-30T15_34_48_797Z-
9 verbose logfile /home/user/app/.npm/_logs/2026-01-30T15_34_48_797Z-debug-0.log
10 silly logfile done cleaning log files
11 http fetch GET 200 https://registry.npmjs.org/npm 183ms
12 verbose cwd /home/user/app
13 verbose os Linux 6.1.158
14 verbose node v24.11.1
15 verbose npm  v11.6.2
16 notice
16 notice New minor version of npm available! 11.6.2 -> 11.8.0
16 notice Changelog: https://github.com/npm/cli/releases/tag/v11.8.0
16 notice To update run: npm install -g npm@11.8.0
16 notice  { force: true, Symbol(proc-log.meta): true }
17 verbose exit 0
18 info ok
